<?xml version="1.0" encoding="UTF-8"?>
<testng-results ignored="0" total="3" passed="3" failed="0" skipped="0">
  <reporter-output>
  </reporter-output>
  <suite started-at="2026-06-26T00:33:27 IST" name="Suite" finished-at="2026-06-26T00:34:12 IST" duration-ms="44543">
    <groups>
      <group name="smoke">
        <method signature="LoginTest.loginTest()[pri:0, instance:Tests.LoginTest@5c5eefef]" name="loginTest" class="Tests.LoginTest"/>
        <method signature="LoginTest.loginTest()[pri:0, instance:Tests.LoginTest@2d3379b4]" name="loginTest" class="Tests.LoginTest"/>
        <method signature="LoginTest.loginTest()[pri:0, instance:Tests.LoginTest@5e0e82ae]" name="loginTest" class="Tests.LoginTest"/>
      </group> <!-- smoke -->
    </groups>
    <test started-at="2026-06-26T00:33:27 IST" name="chrome" finished-at="2026-06-26T00:33:42 IST" duration-ms="15235">
      <class name="Tests.LoginTest">
        <test-method is-config="true" signature="setup(java.lang.String)[pri:0, instance:Tests.LoginTest@2d3379b4]" started-at="2026-06-26T00:33:27 IST" name="setup" finished-at="2026-06-26T00:33:36 IST" duration-ms="9105" status="PASS">
          <params>
            <param index="0">
              <value>
                <![CDATA[chrome]]>
              </value>
            </param>
          </params>
          <reporter-output>
          </reporter-output>
        </test-method> <!-- setup -->
        <test-method signature="loginTest()[pri:0, instance:Tests.LoginTest@2d3379b4]" started-at="2026-06-26T00:33:36 IST" name="loginTest" finished-at="2026-06-26T00:33:41 IST" duration-ms="5051" status="PASS">
          <reporter-output>
          </reporter-output>
        </test-method> <!-- loginTest -->
        <test-method is-config="true" signature="teardown()[pri:0, instance:Tests.LoginTest@2d3379b4]" started-at="2026-06-26T00:33:41 IST" name="teardown" finished-at="2026-06-26T00:33:42 IST" duration-ms="1024" status="PASS">
          <reporter-output>
          </reporter-output>
        </test-method> <!-- teardown -->
      </class> <!-- Tests.LoginTest -->
    </test> <!-- chrome -->
    <test started-at="2026-06-26T00:33:27 IST" name="edge" finished-at="2026-06-26T00:33:44 IST" duration-ms="16917">
      <class name="Tests.LoginTest">
        <test-method is-config="true" signature="setup(java.lang.String)[pri:0, instance:Tests.LoginTest@5e0e82ae]" started-at="2026-06-26T00:33:27 IST" name="setup" finished-at="2026-06-26T00:33:36 IST" duration-ms="9389" status="PASS">
          <params>
            <param index="0">
              <value>
                <![CDATA[edge]]>
              </value>
            </param>
          </params>
          <reporter-output>
          </reporter-output>
        </test-method> <!-- setup -->
        <test-method signature="loginTest()[pri:0, instance:Tests.LoginTest@5e0e82ae]" started-at="2026-06-26T00:33:36 IST" name="loginTest" finished-at="2026-06-26T00:33:42 IST" duration-ms="5101" status="PASS">
          <reporter-output>
          </reporter-output>
        </test-method> <!-- loginTest -->
        <test-method is-config="true" signature="teardown()[pri:0, instance:Tests.LoginTest@5e0e82ae]" started-at="2026-06-26T00:33:42 IST" name="teardown" finished-at="2026-06-26T00:33:44 IST" duration-ms="2378" status="PASS">
          <reporter-output>
          </reporter-output>
        </test-method> <!-- teardown -->
      </class> <!-- Tests.LoginTest -->
    </test> <!-- edge -->
    <test started-at="2026-06-26T00:33:27 IST" name="firefox" finished-at="2026-06-26T00:34:12 IST" duration-ms="44543">
      <class name="Tests.LoginTest">
        <test-method is-config="true" signature="setup(java.lang.String)[pri:0, instance:Tests.LoginTest@5c5eefef]" started-at="2026-06-26T00:33:27 IST" name="setup" finished-at="2026-06-26T00:34:05 IST" duration-ms="37662" status="PASS">
          <params>
            <param index="0">
              <value>
                <![CDATA[firefox]]>
              </value>
            </param>
          </params>
          <reporter-output>
          </reporter-output>
        </test-method> <!-- setup -->
        <test-method signature="loginTest()[pri:0, instance:Tests.LoginTest@5c5eefef]" started-at="2026-06-26T00:34:05 IST" name="loginTest" finished-at="2026-06-26T00:34:10 IST" duration-ms="5545" status="PASS">
          <reporter-output>
          </reporter-output>
        </test-method> <!-- loginTest -->
        <test-method is-config="true" signature="teardown()[pri:0, instance:Tests.LoginTest@5c5eefef]" started-at="2026-06-26T00:34:10 IST" name="teardown" finished-at="2026-06-26T00:34:12 IST" duration-ms="1287" status="PASS">
          <reporter-output>
          </reporter-output>
        </test-method> <!-- teardown -->
      </class> <!-- Tests.LoginTest -->
    </test> <!-- firefox -->
  </suite> <!-- Suite -->
</testng-results>
