<?xml version="1.0" encoding="UTF-8"?>
<!-- Generated by org.testng.reporters.JUnitReportReporter -->
<testsuite hostname="LAPTOP-E9A93IOQ" failures="0" tests="3" name="Tests.LoginTest" time="40.150" errors="0" timestamp="2026-06-25T01:48:43 IST" skipped="0">
  <testcase classname="Tests.LoginTest" name="loginTest" time="13.103"/>
  <testcase classname="Tests.LoginTest" name="loginTest" time="15.379"/>
  <testcase classname="Tests.LoginTest" name="loginTest" time="11.668"/>
</testsuite> <!-- Tests.LoginTest -->
