<?xml version="1.0" encoding="UTF-8"?>
<!-- Generated by org.testng.reporters.JUnitReportReporter -->
<testsuite hostname="LAPTOP-E9A93IOQ" failures="0" tests="3" name="Tests.LoginTest" time="76.542" errors="0" timestamp="2026-06-26T00:34:12 IST" skipped="0">
  <testcase classname="Tests.LoginTest" name="loginTest" time="44.494"/>
  <testcase classname="Tests.LoginTest" name="loginTest" time="16.868"/>
  <testcase classname="Tests.LoginTest" name="loginTest" time="15.180"/>
</testsuite> <!-- Tests.LoginTest -->
